<?xml version="1.0" encoding="UTF-8"?>
<testsuite name="dev.rylex.questaddons.FilterSyntaxTest" tests="2" skipped="0" failures="0" errors="0" timestamp="2026-08-24T20:14:54.812Z" hostname="DESKTOP-87N1FT4" time="0.021">
  <properties/>
  <testcase name="orWrapsEveryItemIdWithNoSeparators()" classname="dev.rylex.questaddons.FilterSyntaxTest" time="0.012"/>
  <testcase name="orKeepsASingleItemWrapped()" classname="dev.rylex.questaddons.FilterSyntaxTest" time="0.0"/>
  <system-out><![CDATA[]]></system-out>
  <system-err><![CDATA[]]></system-err>
</testsuite>
